{"/Users/nicolas/Workspace/camp2_exercises/06_react_redux/01_es6_fundamentals/01_aquarium/01_aquarium.js": {"path":"/Users/nicolas/Workspace/camp2_exercises/06_react_redux/01_es6_fundamentals/01_aquarium/01_aquarium.js","statementMap":{"0":{"start":{"line":5,"column":4},"end":{"line":5,"column":22}},"1":{"start":{"line":13,"column":4},"end":{"line":13,"column":23}},"2":{"start":{"line":14,"column":4},"end":{"line":14,"column":23}},"3":{"start":{"line":18,"column":4},"end":{"line":18,"column":27}},"4":{"start":{"line":22,"column":4},"end":{"line":22,"column":28}},"5":{"start":{"line":27,"column":4},"end":{"line":27,"column":53}},"6":{"start":{"line":29,"column":4},"end":{"line":50,"column":7}},"7":{"start":{"line":30,"column":6},"end":{"line":30,"column":66}},"8":{"start":{"line":31,"column":6},"end":{"line":49,"column":7}},"9":{"start":{"line":33,"column":8},"end":{"line":35,"column":9}},"10":{"start":{"line":34,"column":10},"end":{"line":34,"column":28}},"11":{"start":{"line":39,"column":8},"end":{"line":47,"column":9}},"12":{"start":{"line":41,"column":10},"end":{"line":43,"column":11}},"13":{"start":{"line":42,"column":12},"end":{"line":42,"column":32}},"14":{"start":{"line":46,"column":10},"end":{"line":46,"column":28}},"15":{"start":{"line":54,"column":4},"end":{"line":54,"column":53}},"16":{"start":{"line":56,"column":4},"end":{"line":77,"column":7}},"17":{"start":{"line":57,"column":6},"end":{"line":57,"column":66}},"18":{"start":{"line":58,"column":6},"end":{"line":76,"column":7}},"19":{"start":{"line":60,"column":8},"end":{"line":62,"column":9}},"20":{"start":{"line":61,"column":10},"end":{"line":61,"column":28}},"21":{"start":{"line":66,"column":8},"end":{"line":74,"column":9}},"22":{"start":{"line":68,"column":10},"end":{"line":70,"column":11}},"23":{"start":{"line":69,"column":12},"end":{"line":69,"column":32}},"24":{"start":{"line":73,"column":10},"end":{"line":73,"column":28}},"25":{"start":{"line":84,"column":4},"end":{"line":84,"column":26}},"26":{"start":{"line":85,"column":4},"end":{"line":85,"column":24}},"27":{"start":{"line":86,"column":4},"end":{"line":86,"column":26}},"28":{"start":{"line":92,"column":19},"end":{"line":92,"column":39}},"29":{"start":{"line":94,"column":0},"end":{"line":94,"column":32}},"30":{"start":{"line":95,"column":0},"end":{"line":95,"column":27}},"31":{"start":{"line":97,"column":0},"end":{"line":97,"column":32}},"32":{"start":{"line":98,"column":0},"end":{"line":98,"column":28}},"33":{"start":{"line":100,"column":0},"end":{"line":100,"column":34}},"34":{"start":{"line":101,"column":0},"end":{"line":101,"column":28}},"35":{"start":{"line":103,"column":0},"end":{"line":103,"column":25}},"36":{"start":{"line":104,"column":0},"end":{"line":104,"column":29}},"37":{"start":{"line":106,"column":0},"end":{"line":106,"column":26}},"38":{"start":{"line":107,"column":0},"end":{"line":107,"column":30}},"39":{"start":{"line":109,"column":0},"end":{"line":109,"column":27}},"40":{"start":{"line":110,"column":0},"end":{"line":110,"column":30}},"41":{"start":{"line":115,"column":0},"end":{"line":115,"column":21}},"42":{"start":{"line":116,"column":0},"end":{"line":116,"column":21}},"43":{"start":{"line":117,"column":0},"end":{"line":117,"column":31}},"44":{"start":{"line":118,"column":0},"end":{"line":118,"column":31}},"45":{"start":{"line":127,"column":0},"end":{"line":131,"column":2}}},"fnMap":{"0":{"name":"(anonymous_0)","decl":{"start":{"line":4,"column":2},"end":{"line":4,"column":3}},"loc":{"start":{"line":4,"column":20},"end":{"line":6,"column":3}},"line":4},"1":{"name":"(anonymous_1)","decl":{"start":{"line":12,"column":2},"end":{"line":12,"column":3}},"loc":{"start":{"line":12,"column":34},"end":{"line":15,"column":3}},"line":12},"2":{"name":"(anonymous_2)","decl":{"start":{"line":17,"column":2},"end":{"line":17,"column":3}},"loc":{"start":{"line":17,"column":15},"end":{"line":19,"column":3}},"line":17},"3":{"name":"(anonymous_3)","decl":{"start":{"line":21,"column":2},"end":{"line":21,"column":3}},"loc":{"start":{"line":21,"column":17},"end":{"line":23,"column":3}},"line":21},"4":{"name":"(anonymous_4)","decl":{"start":{"line":26,"column":2},"end":{"line":26,"column":3}},"loc":{"start":{"line":26,"column":11},"end":{"line":51,"column":3}},"line":26},"5":{"name":"(anonymous_5)","decl":{"start":{"line":29,"column":24},"end":{"line":29,"column":25}},"loc":{"start":{"line":29,"column":41},"end":{"line":50,"column":5}},"line":29},"6":{"name":"(anonymous_6)","decl":{"start":{"line":53,"column":2},"end":{"line":53,"column":3}},"loc":{"start":{"line":53,"column":11},"end":{"line":78,"column":3}},"line":53},"7":{"name":"(anonymous_7)","decl":{"start":{"line":56,"column":24},"end":{"line":56,"column":25}},"loc":{"start":{"line":56,"column":41},"end":{"line":77,"column":5}},"line":56},"8":{"name":"(anonymous_8)","decl":{"start":{"line":83,"column":2},"end":{"line":83,"column":3}},"loc":{"start":{"line":83,"column":42},"end":{"line":87,"column":3}},"line":83}},"branchMap":{"0":{"loc":{"start":{"line":12,"column":14},"end":{"line":12,"column":23}},"type":"default-arg","locations":[{"start":{"line":12,"column":21},"end":{"line":12,"column":23}}],"line":12},"1":{"loc":{"start":{"line":12,"column":24},"end":{"line":12,"column":33}},"type":"default-arg","locations":[{"start":{"line":12,"column":31},"end":{"line":12,"column":33}}],"line":12},"2":{"loc":{"start":{"line":31,"column":6},"end":{"line":49,"column":7}},"type":"if","locations":[{"start":{"line":31,"column":6},"end":{"line":49,"column":7}},{"start":{"line":31,"column":6},"end":{"line":49,"column":7}}],"line":31},"3":{"loc":{"start":{"line":33,"column":8},"end":{"line":35,"column":9}},"type":"if","locations":[{"start":{"line":33,"column":8},"end":{"line":35,"column":9}},{"start":{"line":33,"column":8},"end":{"line":35,"column":9}}],"line":33},"4":{"loc":{"start":{"line":39,"column":8},"end":{"line":47,"column":9}},"type":"if","locations":[{"start":{"line":39,"column":8},"end":{"line":47,"column":9}},{"start":{"line":39,"column":8},"end":{"line":47,"column":9}}],"line":39},"5":{"loc":{"start":{"line":41,"column":10},"end":{"line":43,"column":11}},"type":"if","locations":[{"start":{"line":41,"column":10},"end":{"line":43,"column":11}},{"start":{"line":41,"column":10},"end":{"line":43,"column":11}}],"line":41},"6":{"loc":{"start":{"line":58,"column":6},"end":{"line":76,"column":7}},"type":"if","locations":[{"start":{"line":58,"column":6},"end":{"line":76,"column":7}},{"start":{"line":58,"column":6},"end":{"line":76,"column":7}}],"line":58},"7":{"loc":{"start":{"line":60,"column":8},"end":{"line":62,"column":9}},"type":"if","locations":[{"start":{"line":60,"column":8},"end":{"line":62,"column":9}},{"start":{"line":60,"column":8},"end":{"line":62,"column":9}}],"line":60},"8":{"loc":{"start":{"line":66,"column":8},"end":{"line":74,"column":9}},"type":"if","locations":[{"start":{"line":66,"column":8},"end":{"line":74,"column":9}},{"start":{"line":66,"column":8},"end":{"line":74,"column":9}}],"line":66},"9":{"loc":{"start":{"line":68,"column":10},"end":{"line":70,"column":11}},"type":"if","locations":[{"start":{"line":68,"column":10},"end":{"line":70,"column":11}},{"start":{"line":68,"column":10},"end":{"line":70,"column":11}}],"line":68}},"s":{"0":6,"1":5,"2":5,"3":4,"4":4,"5":0,"6":0,"7":0,"8":0,"9":0,"10":0,"11":0,"12":0,"13":0,"14":0,"15":3,"16":3,"17":8,"18":8,"19":5,"20":4,"21":3,"22":3,"23":1,"24":0,"25":8,"26":8,"27":8,"28":1,"29":1,"30":1,"31":1,"32":1,"33":1,"34":1,"35":1,"36":1,"37":1,"38":1,"39":1,"40":1,"41":1,"42":1,"43":1,"44":1,"45":1},"f":{"0":6,"1":5,"2":4,"3":4,"4":0,"5":0,"6":3,"7":8,"8":8},"b":{"0":[0],"1":[0],"2":[0,0],"3":[0,0],"4":[0,0],"5":[0,0],"6":[5,3],"7":[4,1],"8":[3,0],"9":[1,2]},"_coverageSchema":"332fd63041d2c1bcb487cc26dd0d5f7d97098a6c","hash":"98e98f730508c3cd41e3d209bc0a801b6a6168c7"}
}
