TN:
SF:/Users/nicolas/Workspace/camp2_exercises/06_react_redux/01_es6_fundamentals/01_aquarium/01_aquarium.js
FN:4,(anonymous_0)
FN:12,(anonymous_1)
FN:17,(anonymous_2)
FN:21,(anonymous_3)
FN:26,(anonymous_4)
FN:29,(anonymous_5)
FN:53,(anonymous_6)
FN:56,(anonymous_7)
FN:83,(anonymous_8)
FNF:9
FNH:7
FNDA:6,(anonymous_0)
FNDA:5,(anonymous_1)
FNDA:4,(anonymous_2)
FNDA:4,(anonymous_3)
FNDA:0,(anonymous_4)
FNDA:0,(anonymous_5)
FNDA:3,(anonymous_6)
FNDA:8,(anonymous_7)
FNDA:8,(anonymous_8)
DA:5,6
DA:13,5
DA:14,5
DA:18,4
DA:22,4
DA:27,0
DA:29,0
DA:30,0
DA:31,0
DA:33,0
DA:34,0
DA:39,0
DA:41,0
DA:42,0
DA:46,0
DA:54,3
DA:56,3
DA:57,8
DA:58,8
DA:60,5
DA:61,4
DA:66,3
DA:68,3
DA:69,1
DA:73,0
DA:84,8
DA:85,8
DA:86,8
DA:92,1
DA:94,1
DA:95,1
DA:97,1
DA:98,1
DA:100,1
DA:101,1
DA:103,1
DA:104,1
DA:106,1
DA:107,1
DA:109,1
DA:110,1
DA:115,1
DA:116,1
DA:117,1
DA:118,1
DA:127,1
LF:46
LH:35
BRDA:12,0,0,0
BRDA:12,1,0,0
BRDA:31,2,0,0
BRDA:31,2,1,0
BRDA:33,3,0,0
BRDA:33,3,1,0
BRDA:39,4,0,0
BRDA:39,4,1,0
BRDA:41,5,0,0
BRDA:41,5,1,0
BRDA:58,6,0,5
BRDA:58,6,1,3
BRDA:60,7,0,4
BRDA:60,7,1,1
BRDA:66,8,0,3
BRDA:66,8,1,0
BRDA:68,9,0,1
BRDA:68,9,1,2
BRF:18
BRH:7
end_of_record
